0 verbose cli /Users/shoheitanahara/.nvm/versions/node/v22.5.1/bin/node /Users/shoheitanahara/.nvm/versions/node/v22.5.1/bin/npm
1 info using npm@10.8.2
2 info using node@v22.5.1
3 silly config load:file:/Users/shoheitanahara/.nvm/versions/node/v22.5.1/lib/node_modules/npm/npmrc
4 silly config load:file:/Users/shoheitanahara/dev/shawn-t-art/.npmrc
5 silly config load:file:/Users/shoheitanahara/.npmrc
6 silly config load:file:/Users/shoheitanahara/.nvm/versions/node/v22.5.1/etc/npmrc
7 verbose title npm install viem
8 verbose argv "install" "viem" "--cache" ".npm-cache"
9 verbose logfile logs-max:10 dir:/Users/shoheitanahara/dev/shawn-t-art/.npm-cache/_logs/2026-01-19T14_19_21_878Z-
10 verbose logfile /Users/shoheitanahara/dev/shawn-t-art/.npm-cache/_logs/2026-01-19T14_19_21_878Z-debug-0.log
11 silly packumentCache heap:4345298944 maxSize:1086324736 maxEntrySize:543162368
12 silly logfile done cleaning log files
13 silly idealTree buildDeps
14 silly fetch manifest viem@*
15 silly packumentCache full:https://registry.npmjs.org/viem cache-miss
16 http fetch GET 200 https://registry.npmjs.org/viem 181ms (cache miss)
17 silly packumentCache full:https://registry.npmjs.org/viem set size:undefined disposed:false
18 silly fetch manifest typescript@^5.5.4
19 silly packumentCache full:https://registry.npmjs.org/typescript cache-miss
20 http fetch GET 200 https://registry.npmjs.org/typescript 154ms (cache miss)
21 silly packumentCache full:https://registry.npmjs.org/typescript set size:undefined disposed:false
22 silly placeDep ROOT viem@2.44.4 OK for: shawn-t-art@0.1.0 want: *
23 silly fetch manifest @noble/curves@1.9.1
24 silly packumentCache full:https://registry.npmjs.org/@noble%2fcurves cache-miss
25 silly fetch manifest @noble/hashes@1.8.0
26 silly packumentCache full:https://registry.npmjs.org/@noble%2fhashes cache-miss
27 silly fetch manifest @scure/bip32@1.7.0
28 silly packumentCache full:https://registry.npmjs.org/@scure%2fbip32 cache-miss
29 silly fetch manifest @scure/bip39@1.6.0
30 silly packumentCache full:https://registry.npmjs.org/@scure%2fbip39 cache-miss
31 silly fetch manifest abitype@1.2.3
32 silly packumentCache full:https://registry.npmjs.org/abitype cache-miss
33 silly fetch manifest isows@1.0.7
34 silly packumentCache full:https://registry.npmjs.org/isows cache-miss
35 silly fetch manifest ox@0.11.3
36 silly packumentCache full:https://registry.npmjs.org/ox cache-miss
37 http fetch GET 200 https://registry.npmjs.org/@noble%2fhashes 90ms (cache miss)
38 silly packumentCache full:https://registry.npmjs.org/@noble%2fhashes set size:undefined disposed:false
39 silly fetch manifest ws@8.18.3
40 silly packumentCache full:https://registry.npmjs.org/ws cache-miss
41 http fetch GET 200 https://registry.npmjs.org/@scure%2fbip39 113ms (cache miss)
42 silly packumentCache full:https://registry.npmjs.org/@scure%2fbip39 set size:undefined disposed:false
43 http fetch GET 200 https://registry.npmjs.org/ws 49ms (cache miss)
44 silly packumentCache full:https://registry.npmjs.org/ws set size:undefined disposed:false
45 http fetch GET 200 https://registry.npmjs.org/abitype 213ms (cache miss)
46 silly packumentCache full:https://registry.npmjs.org/abitype set size:undefined disposed:false
47 http fetch GET 200 https://registry.npmjs.org/@scure%2fbip32 217ms (cache miss)
48 silly packumentCache full:https://registry.npmjs.org/@scure%2fbip32 set size:undefined disposed:false
49 http fetch GET 200 https://registry.npmjs.org/ox 243ms (cache miss)
50 silly packumentCache full:https://registry.npmjs.org/ox set size:undefined disposed:false
51 http fetch GET 200 https://registry.npmjs.org/@noble%2fcurves 293ms (cache miss)
52 silly packumentCache full:https://registry.npmjs.org/@noble%2fcurves set size:undefined disposed:false
53 http fetch GET 200 https://registry.npmjs.org/isows 415ms (cache miss)
54 silly packumentCache full:https://registry.npmjs.org/isows set size:undefined disposed:false
55 silly fetch manifest typescript@>=5.0.4
56 silly packumentCache full:https://registry.npmjs.org/typescript cache-miss
57 http fetch GET 200 https://registry.npmjs.org/typescript 15ms (cache hit)
58 silly packumentCache full:https://registry.npmjs.org/typescript set size:15144649 disposed:false
59 silly fetch manifest zod@^3.22.0 || ^4.0.0
60 silly packumentCache full:https://registry.npmjs.org/zod cache-miss
61 http fetch GET 200 https://registry.npmjs.org/zod 65ms (cache miss)
62 silly packumentCache full:https://registry.npmjs.org/zod set size:undefined disposed:false
63 silly fetch manifest bufferutil@^4.0.1
64 silly packumentCache full:https://registry.npmjs.org/bufferutil cache-miss
65 http fetch GET 200 https://registry.npmjs.org/bufferutil 41ms (cache miss)
66 silly packumentCache full:https://registry.npmjs.org/bufferutil set size:undefined disposed:false
67 silly fetch manifest utf-8-validate@>=5.0.2
68 silly packumentCache full:https://registry.npmjs.org/utf-8-validate cache-miss
69 http fetch GET 200 https://registry.npmjs.org/utf-8-validate 37ms (cache miss)
70 silly packumentCache full:https://registry.npmjs.org/utf-8-validate set size:undefined disposed:false
71 silly placeDep ROOT @noble/curves@1.9.1 OK for: viem@2.44.4 want: 1.9.1
72 silly placeDep ROOT @noble/hashes@1.8.0 OK for: viem@2.44.4 want: 1.8.0
73 silly placeDep ROOT @scure/bip32@1.7.0 OK for: viem@2.44.4 want: 1.7.0
74 silly placeDep ROOT @scure/bip39@1.6.0 OK for: viem@2.44.4 want: 1.6.0
75 silly placeDep ROOT abitype@1.2.3 OK for: viem@2.44.4 want: 1.2.3
76 silly placeDep ROOT isows@1.0.7 OK for: viem@2.44.4 want: 1.0.7
77 silly placeDep ROOT ws@8.18.3 OK for: isows@1.0.7 want: *
78 silly placeDep ROOT ox@0.11.3 OK for: viem@2.44.4 want: 0.11.3
79 silly fetch manifest @scure/base@~1.2.5
80 silly packumentCache full:https://registry.npmjs.org/@scure%2fbase cache-miss
81 silly fetch manifest @scure/base@~1.2.5
82 silly packumentCache full:https://registry.npmjs.org/@scure%2fbase cache-miss
83 silly fetch manifest @adraffy/ens-normalize@^1.11.0
84 silly packumentCache full:https://registry.npmjs.org/@adraffy%2fens-normalize cache-miss
85 silly fetch manifest @noble/ciphers@^1.3.0
86 silly packumentCache full:https://registry.npmjs.org/@noble%2fciphers cache-miss
87 silly fetch manifest eventemitter3@5.0.1
88 silly packumentCache full:https://registry.npmjs.org/eventemitter3 cache-miss
89 http fetch GET 200 https://registry.npmjs.org/eventemitter3 36ms (cache miss)
90 silly packumentCache full:https://registry.npmjs.org/eventemitter3 set size:undefined disposed:false
91 http fetch GET 200 https://registry.npmjs.org/@scure%2fbase 177ms (cache miss)
92 silly packumentCache full:https://registry.npmjs.org/@scure%2fbase set size:undefined disposed:false
93 http fetch GET 200 https://registry.npmjs.org/@scure%2fbase 178ms (cache miss)
94 silly packumentCache full:https://registry.npmjs.org/@scure%2fbase set size:undefined disposed:false
95 http fetch GET 200 https://registry.npmjs.org/@adraffy%2fens-normalize 258ms (cache miss)
96 silly packumentCache full:https://registry.npmjs.org/@adraffy%2fens-normalize set size:undefined disposed:false
97 http fetch GET 200 https://registry.npmjs.org/@noble%2fciphers 289ms (cache miss)
98 silly packumentCache full:https://registry.npmjs.org/@noble%2fciphers set size:undefined disposed:false
99 silly placeDep ROOT @scure/base@1.2.6 OK for: @scure/bip32@1.7.0 want: ~1.2.5
100 silly placeDep ROOT @adraffy/ens-normalize@1.11.1 OK for: ox@0.11.3 want: ^1.11.0
101 silly placeDep ROOT @noble/ciphers@1.3.0 OK for: ox@0.11.3 want: ^1.3.0
102 silly placeDep ROOT eventemitter3@5.0.1 OK for: ox@0.11.3 want: 5.0.1
103 silly reify moves {}
104 silly audit bulk request {
104 silly audit   '@alloc/quick-lru': [ '5.2.0' ],
104 silly audit   '@babel/code-frame': [ '7.27.1' ],
104 silly audit   '@babel/compat-data': [ '7.28.5' ],
104 silly audit   '@babel/core': [ '7.28.5' ],
104 silly audit   semver: [ '6.3.1', '7.7.3' ],
104 silly audit   '@babel/generator': [ '7.28.5' ],
104 silly audit   '@babel/helper-compilation-targets': [ '7.27.2' ],
104 silly audit   'lru-cache': [ '5.1.1', '10.4.3' ],
104 silly audit   '@babel/helper-globals': [ '7.28.0' ],
104 silly audit   '@babel/helper-module-imports': [ '7.27.1' ],
104 silly audit   '@babel/helper-module-transforms': [ '7.28.3' ],
104 silly audit   '@babel/helper-string-parser': [ '7.27.1' ],
104 silly audit   '@babel/helper-validator-identifier': [ '7.28.5' ],
104 silly audit   '@babel/helper-validator-option': [ '7.27.1' ],
104 silly audit   '@babel/helpers': [ '7.28.4' ],
104 silly audit   '@babel/parser': [ '7.28.5' ],
104 silly audit   '@babel/template': [ '7.27.2' ],
104 silly audit   '@babel/traverse': [ '7.28.5' ],
104 silly audit   '@babel/types': [ '7.28.5' ],
104 silly audit   '@cspotcode/source-map-support': [ '0.8.1' ],
104 silly audit   '@jridgewell/trace-mapping': [ '0.3.9', '0.3.31' ],
104 silly audit   '@emnapi/core': [ '1.5.0' ],
104 silly audit   '@emnapi/runtime': [ '1.5.0' ],
104 silly audit   '@emnapi/wasi-threads': [ '1.1.0' ],
104 silly audit   '@eslint-community/eslint-utils': [ '4.9.0' ],
104 silly audit   '@eslint-community/regexpp': [ '4.12.1' ],
104 silly audit   '@eslint/config-array': [ '0.21.1' ],
104 silly audit   '@eslint/config-helpers': [ '0.4.2' ],
104 silly audit   '@eslint/core': [ '0.17.0' ],
104 silly audit   '@eslint/eslintrc': [ '3.3.3' ],
104 silly audit   '@eslint/js': [ '9.39.2' ],
104 silly audit   '@eslint/object-schema': [ '2.1.7' ],
104 silly audit   '@eslint/plugin-kit': [ '0.4.1' ],
104 silly audit   '@floating-ui/core': [ '1.7.3' ],
104 silly audit   '@floating-ui/dom': [ '1.7.4' ],
104 silly audit   '@floating-ui/react-dom': [ '2.1.6' ],
104 silly audit   '@floating-ui/utils': [ '0.2.10' ],
104 silly audit   '@google/model-viewer': [ '4.1.0' ],
104 silly audit   '@humanfs/core': [ '0.19.1' ],
104 silly audit   '@humanfs/node': [ '0.16.7' ],
104 silly audit   '@humanwhocodes/module-importer': [ '1.0.1' ],
104 silly audit   '@humanwhocodes/retry': [ '0.4.3' ],
104 silly audit   '@img/colour': [ '1.0.0' ],
104 silly audit   '@img/sharp-darwin-arm64': [ '0.34.4' ],
104 silly audit   '@img/sharp-darwin-x64': [ '0.34.4' ],
104 silly audit   '@img/sharp-libvips-darwin-arm64': [ '1.2.3' ],
104 silly audit   '@img/sharp-libvips-darwin-x64': [ '1.2.3' ],
104 silly audit   '@img/sharp-libvips-linux-arm': [ '1.2.3' ],
104 silly audit   '@img/sharp-libvips-linux-arm64': [ '1.2.3' ],
104 silly audit   '@img/sharp-libvips-linux-ppc64': [ '1.2.3' ],
104 silly audit   '@img/sharp-libvips-linux-s390x': [ '1.2.3' ],
104 silly audit   '@img/sharp-libvips-linux-x64': [ '1.2.3' ],
104 silly audit   '@img/sharp-libvips-linuxmusl-arm64': [ '1.2.3' ],
104 silly audit   '@img/sharp-libvips-linuxmusl-x64': [ '1.2.3' ],
104 silly audit   '@img/sharp-linux-arm': [ '0.34.4' ],
104 silly audit   '@img/sharp-linux-arm64': [ '0.34.4' ],
104 silly audit   '@img/sharp-linux-ppc64': [ '0.34.4' ],
104 silly audit   '@img/sharp-linux-s390x': [ '0.34.4' ],
104 silly audit   '@img/sharp-linux-x64': [ '0.34.4' ],
104 silly audit   '@img/sharp-linuxmusl-arm64': [ '0.34.4' ],
104 silly audit   '@img/sharp-linuxmusl-x64': [ '0.34.4' ],
104 silly audit   '@img/sharp-wasm32': [ '0.34.4' ],
104 silly audit   '@img/sharp-win32-arm64': [ '0.34.4' ],
104 silly audit   '@img/sharp-win32-ia32': [ '0.34.4' ],
104 silly audit   '@img/sharp-win32-x64': [ '0.34.4' ],
104 silly audit   '@isaacs/cliui': [ '8.0.2' ],
104 silly audit   'ansi-regex': [ '6.2.2', '5.0.1' ],
104 silly audit   'strip-ansi': [ '7.1.2', '6.0.1' ],
104 silly audit   '@jridgewell/gen-mapping': [ '0.3.13' ],
104 silly audit   '@jridgewell/remapping': [ '2.3.5' ],
104 silly audit   '@jridgewell/resolve-uri': [ '3.1.2' ],
104 silly audit   '@jridgewell/sourcemap-codec': [ '1.5.5' ],
104 silly audit   '@lit-labs/ssr-dom-shim': [ '1.4.0' ],
104 silly audit   '@lit/reactive-element': [ '2.1.1' ],
104 silly audit   '@monogrid/gainmap-js': [ '3.1.0' ],
104 silly audit   '@napi-rs/wasm-runtime': [ '0.2.12' ],
104 silly audit   '@next/env': [ '16.1.0' ],
104 silly audit   '@next/eslint-plugin-next': [ '16.1.0' ],
104 silly audit   'fast-glob': [ '3.3.1', '3.3.3' ],
104 silly audit   'glob-parent': [ '5.1.2', '6.0.2' ],
104 silly audit   '@next/swc-darwin-arm64': [ '16.1.0' ],
104 silly audit   '@next/swc-darwin-x64': [ '16.1.0' ],
104 silly audit   '@next/swc-linux-arm64-gnu': [ '16.1.0' ],
104 silly audit   '@next/swc-linux-arm64-musl': [ '16.1.0' ],
104 silly audit   '@next/swc-linux-x64-gnu': [ '16.1.0' ],
104 silly audit   '@next/swc-linux-x64-musl': [ '16.1.0' ],
104 silly audit   '@next/swc-win32-arm64-msvc': [ '16.1.0' ],
104 silly audit   '@next/swc-win32-x64-msvc': [ '16.1.0' ],
104 silly audit   '@nodelib/fs.scandir': [ '2.1.5' ],
104 silly audit   '@nodelib/fs.stat': [ '2.0.5' ],
104 silly audit   '@nodelib/fs.walk': [ '1.2.8' ],
104 silly audit   '@nolyfill/is-core-module': [ '1.0.39' ],
104 silly audit   '@pkgjs/parseargs': [ '0.11.0' ],
104 silly audit   '@radix-ui/primitive': [ '1.1.3' ],
104 silly audit   '@radix-ui/react-arrow': [ '1.1.7' ],
104 silly audit   '@radix-ui/react-collection': [ '1.1.7' ],
104 silly audit   '@radix-ui/react-compose-refs': [ '1.1.2' ],
104 silly audit   '@radix-ui/react-context': [ '1.1.2' ],
104 silly audit   '@radix-ui/react-dialog': [ '1.1.15' ],
104 silly audit   '@radix-ui/react-direction': [ '1.1.1' ],
104 silly audit   '@radix-ui/react-dismissable-layer': [ '1.1.11' ],
104 silly audit   '@radix-ui/react-dropdown-menu': [ '2.1.16' ],
104 silly audit   '@radix-ui/react-focus-guards': [ '1.1.3' ],
104 silly audit   '@radix-ui/react-focus-scope': [ '1.1.7' ],
104 silly audit   '@radix-ui/react-id': [ '1.1.1' ],
104 silly audit   '@radix-ui/react-menu': [ '2.1.16' ],
104 silly audit   '@radix-ui/react-popper': [ '1.2.8' ],
104 silly audit   '@radix-ui/react-portal': [ '1.1.9' ],
104 silly audit   '@radix-ui/react-presence': [ '1.1.5' ],
104 silly audit   '@radix-ui/react-primitive': [ '2.1.3' ],
104 silly audit   '@radix-ui/react-roving-focus': [ '1.1.11' ],
104 silly audit   '@radix-ui/react-slot': [ '1.2.3' ],
104 silly audit   '@radix-ui/react-use-callback-ref': [ '1.1.1' ],
104 silly audit   '@radix-ui/react-use-controllable-state': [ '1.2.2' ],
104 silly audit   '@radix-ui/react-use-effect-event': [ '0.0.2' ],
104 silly audit   '@radix-ui/react-use-escape-keydown': [ '1.1.1' ],
104 silly audit   '@radix-ui/react-use-layout-effect': [ '1.1.1' ],
104 silly audit   '@radix-ui/react-use-rect': [ '1.1.1' ],
104 silly audit   '@radix-ui/react-use-size': [ '1.1.1' ],
104 silly audit   '@radix-ui/rect': [ '1.1.1' ],
104 silly audit   '@rtsao/scc': [ '1.1.0' ],
104 silly audit   '@shadcn/ui': [ '0.0.4' ],
104 silly audit   '@swc/helpers': [ '0.5.15' ],
104 silly audit   '@tsconfig/node10': [ '1.0.11' ],
104 silly audit   '@tsconfig/node12': [ '1.0.11' ],
104 silly audit   '@tsconfig/node14': [ '1.0.3' ],
104 silly audit   '@tsconfig/node16': [ '1.0.4' ],
104 silly audit   '@tybys/wasm-util': [ '0.10.1' ],
104 silly audit   '@types/estree': [ '1.0.8' ],
104 silly audit   '@types/json-schema': [ '7.0.15' ],
104 silly audit   '@types/json5': [ '0.0.29' ],
104 silly audit   '@types/node': [ '20.19.22' ],
104 silly audit   '@types/prop-types': [ '15.7.15' ],
104 silly audit   '@types/qrcode': [ '1.5.5' ],
104 silly audit   '@types/react': [ '18.3.26' ],
104 silly audit   '@types/react-dom': [ '18.3.7' ],
104 silly audit   '@types/trusted-types': [ '2.0.7' ],
104 silly audit   '@typescript-eslint/eslint-plugin': [ '8.50.0' ],
104 silly audit   ignore: [ '7.0.5', '5.3.2' ],
104 silly audit   '@typescript-eslint/parser': [ '8.50.0' ],
104 silly audit   '@typescript-eslint/project-service': [ '8.50.0' ],
104 silly audit   '@typescript-eslint/scope-manager': [ '8.50.0' ],
104 silly audit   '@typescript-eslint/tsconfig-utils': [ '8.50.0' ],
104 silly audit   '@typescript-eslint/type-utils': [ '8.50.0' ],
104 silly audit   '@typescript-eslint/types': [ '8.50.0' ],
104 silly audit   '@typescript-eslint/typescript-estree': [ '8.50.0' ],
104 silly audit   'brace-expansion': [ '2.0.2', '1.1.12' ],
104 silly audit   minimatch: [ '9.0.5', '3.1.2' ],
104 silly audit   '@typescript-eslint/utils': [ '8.50.0' ],
104 silly audit   '@typescript-eslint/visitor-keys': [ '8.50.0' ],
104 silly audit   'eslint-visitor-keys': [ '4.2.1', '3.4.3' ],
104 silly audit   '@unrs/resolver-binding-android-arm-eabi': [ '1.11.1' ],
104 silly audit   '@unrs/resolver-binding-android-arm64': [ '1.11.1' ],
104 silly audit   '@unrs/resolver-binding-darwin-arm64': [ '1.11.1' ],
104 silly audit   '@unrs/resolver-binding-darwin-x64': [ '1.11.1' ],
104 silly audit   '@unrs/resolver-binding-freebsd-x64': [ '1.11.1' ],
104 silly audit   '@unrs/resolver-binding-linux-arm-gnueabihf': [ '1.11.1' ],
104 silly audit   '@unrs/resolver-binding-linux-arm-musleabihf': [ '1.11.1' ],
104 silly audit   '@unrs/resolver-binding-linux-arm64-gnu': [ '1.11.1' ],
104 silly audit   '@unrs/resolver-binding-linux-arm64-musl': [ '1.11.1' ],
104 silly audit   '@unrs/resolver-binding-linux-ppc64-gnu': [ '1.11.1' ],
104 silly audit   '@unrs/resolver-binding-linux-riscv64-gnu': [ '1.11.1' ],
104 silly audit   '@unrs/resolver-binding-linux-riscv64-musl': [ '1.11.1' ],
104 silly audit   '@unrs/resolver-binding-linux-s390x-gnu': [ '1.11.1' ],
104 silly audit   '@unrs/resolver-binding-linux-x64-gnu': [ '1.11.1' ],
104 silly audit   '@unrs/resolver-binding-linux-x64-musl': [ '1.11.1' ],
104 silly audit   '@unrs/resolver-binding-wasm32-wasi': [ '1.11.1' ],
104 silly audit   '@unrs/resolver-binding-win32-arm64-msvc': [ '1.11.1' ],
104 silly audit   '@unrs/resolver-binding-win32-ia32-msvc': [ '1.11.1' ],
104 silly audit   '@unrs/resolver-binding-win32-x64-msvc': [ '1.11.1' ],
104 silly audit   acorn: [ '8.15.0' ],
104 silly audit   'acorn-jsx': [ '5.3.2' ],
104 silly audit   'acorn-walk': [ '8.3.4' ],
104 silly audit   ajv: [ '6.12.6' ],
104 silly audit   'ansi-styles': [ '6.2.3', '4.3.0' ],
104 silly audit   'any-promise': [ '1.3.0' ],
104 silly audit   anymatch: [ '3.1.3' ],
104 silly audit   arg: [ '5.0.2', '4.1.3' ],
104 silly audit   argparse: [ '2.0.1' ],
104 silly audit   'aria-hidden': [ '1.2.6' ],
104 silly audit   'aria-query': [ '5.3.2' ],
104 silly audit   'array-buffer-byte-length': [ '1.0.2' ],
104 silly audit   'array-includes': [ '3.1.9' ],
104 silly audit   'array.prototype.findlast': [ '1.2.5' ],
104 silly audit   'array.prototype.findlastindex': [ '1.2.6' ],
104 silly audit   'array.prototype.flat': [ '1.3.3' ],
104 silly audit   'array.prototype.flatmap': [ '1.3.3' ],
104 silly audit   'array.prototype.tosorted': [ '1.1.4' ],
104 silly audit   'arraybuffer.prototype.slice': [ '1.0.4' ],
104 silly audit   'ast-types-flow': [ '0.0.8' ],
104 silly audit   'async-function': [ '1.0.0' ],
104 silly audit   autoprefixer: [ '10.4.21' ],
104 silly audit   'available-typed-arrays': [ '1.0.7' ],
104 silly audit   'axe-core': [ '4.11.0' ],
104 silly audit   'axobject-query': [ '4.1.0' ],
104 silly audit   'balanced-match': [ '1.0.2' ],
104 silly audit   'base64-js': [ '1.5.1' ],
104 silly audit   'baseline-browser-mapping': [ '2.8.18' ],
104 silly audit   'binary-extensions': [ '2.3.0' ],
104 silly audit   bl: [ '5.1.0' ],
104 silly audit   braces: [ '3.0.3' ],
104 silly audit   browserslist: [ '4.26.3' ],
104 silly audit   buffer: [ '6.0.3' ],
104 silly audit   'call-bind': [ '1.0.8' ],
104 silly audit   'call-bind-apply-helpers': [ '1.0.2' ],
104 silly audit   'call-bound': [ '1.0.4' ],
104 silly audit   callsites: [ '3.1.0' ],
104 silly audit   camelcase: [ '5.3.1' ],
104 silly audit   'camelcase-css': [ '2.0.1' ],
104 silly audit   'caniuse-lite': [ '1.0.30001751' ],
104 silly audit   chalk: [ '5.2.0', '4.1.2' ],
104 silly audit   chokidar: [ '3.6.0' ],
104 silly audit   'class-variance-authority': [ '0.7.1' ],
104 silly audit   'cli-cursor': [ '4.0.0' ],
104 silly audit   'cli-spinners': [ '2.9.2' ],
104 silly audit   'client-only': [ '0.0.1' ],
104 silly audit   cliui: [ '6.0.0' ],
104 silly audit   'emoji-regex': [ '8.0.0', '9.2.2' ],
104 silly audit   'string-width': [ '4.2.3', '5.1.2' ],
104 silly audit   'wrap-ansi': [ '6.2.0', '8.1.0', '7.0.0' ],
104 silly audit   clone: [ '1.0.4' ],
104 silly audit   clsx: [ '2.1.1' ],
104 silly audit   'color-convert': [ '2.0.1' ],
104 silly audit   'color-name': [ '1.1.4' ],
104 silly audit   commander: [ '10.0.1', '4.1.1' ],
104 silly audit   'concat-map': [ '0.0.1' ],
104 silly audit   'convert-source-map': [ '2.0.0' ],
104 silly audit   'create-require': [ '1.1.1' ],
104 silly audit   'cross-spawn': [ '7.0.6' ],
104 silly audit   cssesc: [ '3.0.0' ],
104 silly audit   csstype: [ '3.1.3' ],
104 silly audit   'damerau-levenshtein': [ '1.0.8' ],
104 silly audit   'data-uri-to-buffer': [ '4.0.1' ],
104 silly audit   'data-view-buffer': [ '1.0.2' ],
104 silly audit   'data-view-byte-length': [ '1.0.2' ],
104 silly audit   'data-view-byte-offset': [ '1.0.1' ],
104 silly audit   debug: [ '4.4.3', '3.2.7' ],
104 silly audit   decamelize: [ '1.2.0' ],
104 silly audit   'deep-is': [ '0.1.4' ],
104 silly audit   defaults: [ '1.0.4' ],
104 silly audit   'define-data-property': [ '1.1.4' ],
104 silly audit   'define-properties': [ '1.2.1' ],
104 silly audit   'detect-libc': [ '2.1.2' ],
104 silly audit   'detect-node-es': [ '1.1.0' ],
104 silly audit   didyoumean: [ '1.2.2' ],
104 silly audit   diff: [ '4.0.2' ],
104 silly audit   dijkstrajs: [ '1.0.3' ],
104 silly audit   dlv: [ '1.1.3' ],
104 silly audit   'dunder-proto': [ '1.0.1' ],
104 silly audit   eastasianwidth: [ '0.2.0' ],
104 silly audit   'electron-to-chromium': [ '1.5.237' ],
104 silly audit   'es-abstract': [ '1.24.0' ],
104 silly audit   'es-define-property': [ '1.0.1' ],
104 silly audit   'es-errors': [ '1.3.0' ],
104 silly audit   'es-iterator-helpers': [ '1.2.1' ],
104 silly audit   'es-object-atoms': [ '1.1.1' ],
104 silly audit   'es-set-tostringtag': [ '2.1.0' ],
104 silly audit   'es-shim-unscopables': [ '1.1.0' ],
104 silly audit   'es-to-primitive': [ '1.3.0' ],
104 silly audit   escalade: [ '3.2.0' ],
104 silly audit   'escape-string-regexp': [ '4.0.0' ],
104 silly audit   eslint: [ '9.39.2' ],
104 silly audit   'eslint-config-next': [ '16.1.0' ],
104 silly audit   globals: [ '16.4.0', '14.0.0' ],
104 silly audit   'eslint-import-resolver-node': [ '0.3.9' ],
104 silly audit   'eslint-import-resolver-typescript': [ '3.10.1' ],
104 silly audit   'eslint-module-utils': [ '2.12.1' ],
104 silly audit   'eslint-plugin-import': [ '2.32.0' ],
104 silly audit   doctrine: [ '2.1.0' ],
104 silly audit   json5: [ '1.0.2', '2.2.3' ],
104 silly audit   'tsconfig-paths': [ '3.15.0', '4.2.0' ],
104 silly audit   'eslint-plugin-jsx-a11y': [ '6.10.2' ],
104 silly audit   'eslint-plugin-react': [ '7.37.5' ],
104 silly audit   'eslint-plugin-react-hooks': [ '7.0.1' ],
104 silly audit   resolve: [ '2.0.0-next.5', '1.22.10' ],
104 silly audit   'eslint-scope': [ '8.4.0' ],
104 silly audit   espree: [ '10.4.0' ],
104 silly audit   esquery: [ '1.6.0' ],
104 silly audit   esrecurse: [ '4.3.0' ],
104 silly audit   estraverse: [ '5.3.0' ],
104 silly audit   esutils: [ '2.0.3' ],
104 silly audit   execa: [ '7.2.0' ],
104 silly audit   'fast-deep-equal': [ '3.1.3' ],
104 silly audit   'fast-json-stable-stringify': [ '2.1.0' ],
104 silly audit   'fast-levenshtein': [ '2.0.6' ],
104 silly audit   fastq: [ '1.19.1' ],
104 silly audit   'fetch-blob': [ '3.2.0' ],
104 silly audit   'file-entry-cache': [ '8.0.0' ],
104 silly audit   'fill-range': [ '7.1.1' ],
104 silly audit   'find-up': [ '5.0.0', '4.1.0' ],
104 silly audit   'flat-cache': [ '4.0.1' ],
104 silly audit   flatted: [ '3.3.3' ],
104 silly audit   'for-each': [ '0.3.5' ],
104 silly audit   'foreground-child': [ '3.3.1' ],
104 silly audit   'signal-exit': [ '4.1.0', '3.0.7' ],
104 silly audit   'formdata-polyfill': [ '4.0.10' ],
104 silly audit   'fraction.js': [ '4.3.7' ],
104 silly audit   'fs-extra': [ '11.3.2' ],
104 silly audit   fsevents: [ '2.3.3' ],
104 silly audit   'function-bind': [ '1.1.2' ],
104 silly audit   'function.prototype.name': [ '1.1.8' ],
104 silly audit   'functions-have-names': [ '1.2.3' ],
104 silly audit   'generator-function': [ '2.0.1' ],
104 silly audit   gensync: [ '1.0.0-beta.2' ],
104 silly audit   'get-caller-file': [ '2.0.5' ],
104 silly audit   'get-intrinsic': [ '1.3.0' ],
104 silly audit   'get-nonce': [ '1.0.1' ],
104 silly audit   'get-proto': [ '1.0.1' ],
104 silly audit   'get-stream': [ '6.0.1' ],
104 silly audit   'get-symbol-description': [ '1.1.0' ],
104 silly audit   'get-tsconfig': [ '4.12.0' ],
104 silly audit   glob: [ '10.5.0' ],
104 silly audit   globalthis: [ '1.0.4' ],
104 silly audit   gopd: [ '1.2.0' ],
104 silly audit   'graceful-fs': [ '4.2.11' ],
104 silly audit   'has-bigints': [ '1.1.0' ],
104 silly audit   'has-flag': [ '4.0.0' ],
104 silly audit   'has-property-descriptors': [ '1.0.2' ],
104 silly audit   'has-proto': [ '1.2.0' ],
104 silly audit   'has-symbols': [ '1.1.0' ],
104 silly audit   'has-tostringtag': [ '1.0.2' ],
104 silly audit   hasown: [ '2.0.2' ],
104 silly audit   'hermes-estree': [ '0.25.1' ],
104 silly audit   'hermes-parser': [ '0.25.1' ],
104 silly audit   'human-signals': [ '4.3.1' ],
104 silly audit   ieee754: [ '1.2.1' ],
104 silly audit   immediate: [ '3.0.6' ],
104 silly audit   'import-fresh': [ '3.3.1' ],
104 silly audit   imurmurhash: [ '0.1.4' ],
104 silly audit   inherits: [ '2.0.4' ],
104 silly audit   'internal-slot': [ '1.1.0' ],
104 silly audit   'is-array-buffer': [ '3.0.5' ],
104 silly audit   'is-async-function': [ '2.1.1' ],
104 silly audit   'is-bigint': [ '1.1.0' ],
104 silly audit   'is-binary-path': [ '2.1.0' ],
104 silly audit   'is-boolean-object': [ '1.2.2' ],
104 silly audit   'is-bun-module': [ '2.0.0' ],
104 silly audit   'is-callable': [ '1.2.7' ],
104 silly audit   'is-core-module': [ '2.16.1' ],
104 silly audit   'is-data-view': [ '1.0.2' ],
104 silly audit   'is-date-object': [ '1.1.0' ],
104 silly audit   'is-extglob': [ '2.1.1' ],
104 silly audit   'is-finalizationregistry': [ '1.1.1' ],
104 silly audit   'is-fullwidth-code-point': [ '3.0.0' ],
104 silly audit   'is-generator-function': [ '1.1.2' ],
104 silly audit   'is-glob': [ '4.0.3' ],
104 silly audit   'is-interactive': [ '2.0.0' ],
104 silly audit   'is-map': [ '2.0.3' ],
104 silly audit   'is-negative-zero': [ '2.0.3' ],
104 silly audit   'is-number': [ '7.0.0' ],
104 silly audit   'is-number-object': [ '1.1.1' ],
104 silly audit   'is-promise': [ '2.2.2' ],
104 silly audit   'is-regex': [ '1.2.1' ],
104 silly audit   'is-set': [ '2.0.3' ],
104 silly audit   'is-shared-array-buffer': [ '1.0.4' ],
104 silly audit   'is-stream': [ '3.0.0' ],
104 silly audit   'is-string': [ '1.1.1' ],
104 silly audit   'is-symbol': [ '1.1.1' ],
104 silly audit   'is-typed-array': [ '1.1.15' ],
104 silly audit   'is-unicode-supported': [ '1.3.0' ],
104 silly audit   'is-weakmap': [ '2.0.2' ],
104 silly audit   'is-weakref': [ '1.1.1' ],
104 silly audit   'is-weakset': [ '2.0.4' ],
104 silly audit   isarray: [ '2.0.5' ],
104 silly audit   isexe: [ '2.0.0' ],
104 silly audit   'iterator.prototype': [ '1.1.5' ],
104 silly audit   jackspeak: [ '3.4.3' ],
104 silly audit   jiti: [ '1.21.7' ],
104 silly audit   'js-tokens': [ '4.0.0' ],
104 silly audit   'js-yaml': [ '4.1.1' ],
104 silly audit   jsesc: [ '3.1.0' ],
104 silly audit   'json-buffer': [ '3.0.1' ],
104 silly audit   'json-schema-traverse': [ '0.4.1' ],
104 silly audit   'json-stable-stringify-without-jsonify': [ '1.0.1' ],
104 silly audit   jsonfile: [ '6.2.0' ],
104 silly audit   'jsx-ast-utils': [ '3.3.5' ],
104 silly audit   keyv: [ '4.5.4' ],
104 silly audit   kleur: [ '3.0.3' ],
104 silly audit   'language-subtag-registry': [ '0.3.23' ],
104 silly audit   'language-tags': [ '1.0.9' ],
104 silly audit   levn: [ '0.4.1' ],
104 silly audit   lie: [ '3.3.0' ],
104 silly audit   lilconfig: [ '3.1.3' ],
104 silly audit   'lines-and-columns': [ '1.2.4' ],
104 silly audit   lit: [ '3.3.1' ],
104 silly audit   'lit-element': [ '4.2.1' ],
104 silly audit   'lit-html': [ '3.3.1' ],
104 silly audit   'locate-path': [ '6.0.0', '5.0.0' ],
104 silly audit   'lodash.merge': [ '4.6.2' ],
104 silly audit   'log-symbols': [ '5.1.0' ],
104 silly audit   'loose-envify': [ '1.4.0' ],
104 silly audit   'lucide-react': [ '0.416.0' ],
104 silly audit   'make-error': [ '1.3.6' ],
104 silly audit   'math-intrinsics': [ '1.1.0' ],
104 silly audit   'merge-stream': [ '2.0.0' ],
104 silly audit   merge2: [ '1.4.1' ],
104 silly audit   micromatch: [ '4.0.8' ],
104 silly audit   'mimic-fn': [ '4.0.0', '2.1.0' ],
104 silly audit   minimist: [ '1.2.8' ],
104 silly audit   minipass: [ '7.1.2' ],
104 silly audit   ms: [ '2.1.3' ],
104 silly audit   mz: [ '2.7.0' ],
104 silly audit   nanoid: [ '3.3.11' ],
104 silly audit   'napi-postinstall': [ '0.3.4' ],
104 silly audit   'natural-compare': [ '1.4.0' ],
104 silly audit   next: [ '16.1.0' ],
104 silly audit   'next-themes': [ '0.3.0' ],
104 silly audit   postcss: [ '8.4.31', '8.5.6' ],
104 silly audit   'node-domexception': [ '1.0.0' ],
104 silly audit   'node-fetch': [ '3.3.2' ],
104 silly audit   'node-releases': [ '2.0.25' ],
104 silly audit   'normalize-path': [ '3.0.0' ],
104 silly audit   'normalize-range': [ '0.1.2' ],
104 silly audit   'npm-run-path': [ '5.3.0' ],
104 silly audit   'path-key': [ '4.0.0', '3.1.1' ],
104 silly audit   'object-assign': [ '4.1.1' ],
104 silly audit   'object-hash': [ '3.0.0' ],
104 silly audit   'object-inspect': [ '1.13.4' ],
104 silly audit   'object-keys': [ '1.1.1' ],
104 silly audit   'object.assign': [ '4.1.7' ],
104 silly audit   'object.entries': [ '1.1.9' ],
104 silly audit   'object.fromentries': [ '2.0.8' ],
104 silly audit   'object.groupby': [ '1.0.3' ],
104 silly audit   'object.values': [ '1.2.1' ],
104 silly audit   onetime: [ '6.0.0', '5.1.2' ],
104 silly audit   optionator: [ '0.9.4' ],
104 silly audit   ora: [ '6.3.1' ],
104 silly audit   'own-keys': [ '1.0.1' ],
104 silly audit   'p-limit': [ '3.1.0', '2.3.0' ],
104 silly audit   'p-locate': [ '5.0.0', '4.1.0' ],
104 silly audit   'p-try': [ '2.2.0' ],
104 silly audit   'package-json-from-dist': [ '1.0.1' ],
104 silly audit   'parent-module': [ '1.0.1' ],
104 silly audit   'path-exists': [ '4.0.0' ],
104 silly audit   'path-parse': [ '1.0.7' ],
104 silly audit   'path-scurry': [ '1.11.1' ],
104 silly audit   picocolors: [ '1.1.1' ],
104 silly audit   picomatch: [ '2.3.1', '4.0.3' ],
104 silly audit   pify: [ '2.3.0' ],
104 silly audit   pirates: [ '4.0.7' ],
104 silly audit   pngjs: [ '5.0.0' ],
104 silly audit   'possible-typed-array-names': [ '1.1.0' ],
104 silly audit   'postcss-import': [ '15.1.0' ],
104 silly audit   'postcss-js': [ '4.1.0' ],
104 silly audit   'postcss-load-config': [ '6.0.1' ],
104 silly audit   'postcss-nested': [ '6.2.0' ],
104 silly audit   'postcss-selector-parser': [ '6.1.2' ],
104 silly audit   'postcss-value-parser': [ '4.2.0' ],
104 silly audit   'prelude-ls': [ '1.2.1' ],
104 silly audit   prettier: [ '3.6.2' ],
104 silly audit   'promise-worker-transferable': [ '1.0.4' ],
104 silly audit   prompts: [ '2.4.2' ],
104 silly audit   'prop-types': [ '15.8.1' ],
104 silly audit   punycode: [ '2.3.1' ],
104 silly audit   qrcode: [ '1.5.4' ],
104 silly audit   'queue-microtask': [ '1.2.3' ],
104 silly audit   react: [ '18.3.1' ],
104 silly audit   'react-dom': [ '18.3.1' ],
104 silly audit   'react-is': [ '16.13.1' ],
104 silly audit   'react-remove-scroll': [ '2.7.1' ],
104 silly audit   'react-remove-scroll-bar': [ '2.3.8' ],
104 silly audit   'react-style-singleton': [ '2.2.3' ],
104 silly audit   'read-cache': [ '1.0.0' ],
104 silly audit   'readable-stream': [ '3.6.2' ],
104 silly audit   readdirp: [ '3.6.0' ],
104 silly audit   'reflect.getprototypeof': [ '1.0.10' ],
104 silly audit   'regexp.prototype.flags': [ '1.5.4' ],
104 silly audit   'require-directory': [ '2.1.1' ],
104 silly audit   'require-main-filename': [ '2.0.0' ],
104 silly audit   'resolve-from': [ '4.0.0' ],
104 silly audit   'resolve-pkg-maps': [ '1.0.0' ],
104 silly audit   'restore-cursor': [ '4.0.0' ],
104 silly audit   reusify: [ '1.1.0' ],
104 silly audit   'run-parallel': [ '1.2.0' ],
104 silly audit   'safe-array-concat': [ '1.1.3' ],
104 silly audit   'safe-buffer': [ '5.2.1' ],
104 silly audit   'safe-push-apply': [ '1.0.0' ],
104 silly audit   'safe-regex-test': [ '1.1.0' ],
104 silly audit   scheduler: [ '0.23.2' ],
104 silly audit   'set-blocking': [ '2.0.0' ],
104 silly audit   'set-function-length': [ '1.2.2' ],
104 silly audit   'set-function-name': [ '2.0.2' ],
104 silly audit   'set-proto': [ '1.0.0' ],
104 silly audit   sharp: [ '0.34.4' ],
104 silly audit   'shebang-command': [ '2.0.0' ],
104 silly audit   'shebang-regex': [ '3.0.0' ],
104 silly audit   'side-channel': [ '1.1.0' ],
104 silly audit   'side-channel-list': [ '1.0.0' ],
104 silly audit   'side-channel-map': [ '1.0.1' ],
104 silly audit   'side-channel-weakmap': [ '1.0.2' ],
104 silly audit   sisteransi: [ '1.0.5' ],
104 silly audit   'source-map-js': [ '1.2.1' ],
104 silly audit   'stable-hash': [ '0.0.5' ],
104 silly audit   'stdin-discarder': [ '0.1.0' ],
104 silly audit   'stop-iteration-iterator': [ '1.1.0' ],
104 silly audit   string_decoder: [ '1.3.0' ],
104 silly audit   'string.prototype.includes': [ '2.0.1' ],
104 silly audit   'string.prototype.matchall': [ '4.0.12' ],
104 silly audit   'string.prototype.repeat': [ '1.0.0' ],
104 silly audit   'string.prototype.trim': [ '1.2.10' ],
104 silly audit   'string.prototype.trimend': [ '1.0.9' ],
104 silly audit   'string.prototype.trimstart': [ '1.0.8' ],
104 silly audit   'strip-bom': [ '3.0.0' ],
104 silly audit   'strip-final-newline': [ '3.0.0' ],
104 silly audit   'strip-json-comments': [ '3.1.1' ],
104 silly audit   'styled-jsx': [ '5.1.6' ],
104 silly audit   sucrase: [ '3.35.0' ],
104 silly audit   'supports-color': [ '7.2.0' ],
104 silly audit   'supports-preserve-symlinks-flag': [ '1.0.0' ],
104 silly audit   'tailwind-merge': [ '2.6.0' ],
104 silly audit   tailwindcss: [ '3.4.18' ],
104 silly audit   'tailwindcss-animate': [ '1.0.7' ],
104 silly audit   thenify: [ '3.3.1' ],
104 silly audit   'thenify-all': [ '1.6.0' ],
104 silly audit   three: [ '0.172.0' ],
104 silly audit   tinyglobby: [ '0.2.15' ],
104 silly audit   fdir: [ '6.5.0' ],
104 silly audit   'to-regex-range': [ '5.0.1' ],
104 silly audit   'ts-api-utils': [ '2.1.0' ],
104 silly audit   'ts-interface-checker': [ '0.1.13' ],
104 silly audit   'ts-node': [ '10.9.2' ],
104 silly audit   tslib: [ '2.8.1' ],
104 silly audit   'type-check': [ '0.4.0' ],
104 silly audit   'typed-array-buffer': [ '1.0.3' ],
104 silly audit   'typed-array-byte-length': [ '1.0.3' ],
104 silly audit   'typed-array-byte-offset': [ '1.0.4' ],
104 silly audit   'typed-array-length': [ '1.0.7' ],
104 silly audit   typescript: [ '5.9.3' ],
104 silly audit   'typescript-eslint': [ '8.50.0' ],
104 silly audit   'unbox-primitive': [ '1.1.0' ],
104 silly audit   'undici-types': [ '6.21.0' ],
104 silly audit   universalify: [ '2.0.1' ],
104 silly audit   'unrs-resolver': [ '1.11.1' ],
104 silly audit   'update-browserslist-db': [ '1.1.3' ],
104 silly audit   'uri-js': [ '4.4.1' ],
104 silly audit   'use-callback-ref': [ '1.3.3' ],
104 silly audit   'use-sidecar': [ '1.1.3' ],
104 silly audit   'util-deprecate': [ '1.0.2' ],
104 silly audit   'v8-compile-cache-lib': [ '3.0.1' ],
104 silly audit   wcwidth: [ '1.0.1' ],
104 silly audit   'web-streams-polyfill': [ '3.3.3' ],
104 silly audit   which: [ '2.0.2' ],
104 silly audit   'which-boxed-primitive': [ '1.1.1' ],
104 silly audit   'which-builtin-type': [ '1.2.1' ],
104 silly audit   'which-collection': [ '1.0.2' ],
104 silly audit   'which-module': [ '2.0.1' ],
104 silly audit   'which-typed-array': [ '1.1.19' ],
104 silly audit   'word-wrap': [ '1.2.5' ],
104 silly audit   y18n: [ '4.0.3' ],
104 silly audit   yallist: [ '3.1.1' ],
104 silly audit   yargs: [ '15.4.1' ],
104 silly audit   'yargs-parser': [ '18.1.3' ],
104 silly audit   yn: [ '3.1.1' ],
104 silly audit   'yocto-queue': [ '0.1.0' ],
104 silly audit   zod: [ '3.25.76' ],
104 silly audit   'zod-validation-error': [ '4.0.2' ],
104 silly audit   viem: [ '2.44.4' ],
104 silly audit   '@noble/curves': [ '1.9.1' ],
104 silly audit   '@noble/hashes': [ '1.8.0' ],
104 silly audit   '@scure/bip32': [ '1.7.0' ],
104 silly audit   '@scure/bip39': [ '1.6.0' ],
104 silly audit   abitype: [ '1.2.3' ],
104 silly audit   isows: [ '1.0.7' ],
104 silly audit   ws: [ '8.18.3' ],
104 silly audit   ox: [ '0.11.3' ],
104 silly audit   '@scure/base': [ '1.2.6' ],
104 silly audit   '@adraffy/ens-normalize': [ '1.11.1' ],
104 silly audit   '@noble/ciphers': [ '1.3.0' ],
104 silly audit   eventemitter3: [ '5.0.1' ]
104 silly audit }
105 verbose reify failed optional dependency /Users/shoheitanahara/dev/shawn-t-art/node_modules/@unrs/resolver-binding-win32-x64-msvc
106 silly reify mark deleted [
106 silly reify   '/Users/shoheitanahara/dev/shawn-t-art/node_modules/@unrs/resolver-binding-win32-x64-msvc'
106 silly reify ]
107 verbose reify failed optional dependency /Users/shoheitanahara/dev/shawn-t-art/node_modules/@unrs/resolver-binding-win32-ia32-msvc
108 silly reify mark deleted [
108 silly reify   '/Users/shoheitanahara/dev/shawn-t-art/node_modules/@unrs/resolver-binding-win32-ia32-msvc'
108 silly reify ]
109 verbose reify failed optional dependency /Users/shoheitanahara/dev/shawn-t-art/node_modules/@unrs/resolver-binding-win32-arm64-msvc
110 silly reify mark deleted [
110 silly reify   '/Users/shoheitanahara/dev/shawn-t-art/node_modules/@unrs/resolver-binding-win32-arm64-msvc'
110 silly reify ]
111 verbose reify failed optional dependency /Users/shoheitanahara/dev/shawn-t-art/node_modules/@unrs/resolver-binding-wasm32-wasi
112 silly reify mark deleted [
112 silly reify   '/Users/shoheitanahara/dev/shawn-t-art/node_modules/@unrs/resolver-binding-wasm32-wasi'
112 silly reify ]
113 verbose reify failed optional dependency /Users/shoheitanahara/dev/shawn-t-art/node_modules/@napi-rs/wasm-runtime
114 silly reify mark deleted [
114 silly reify   '/Users/shoheitanahara/dev/shawn-t-art/node_modules/@napi-rs/wasm-runtime'
114 silly reify ]
115 verbose reify failed optional dependency /Users/shoheitanahara/dev/shawn-t-art/node_modules/@emnapi/core
116 silly reify mark deleted [ '/Users/shoheitanahara/dev/shawn-t-art/node_modules/@emnapi/core' ]
117 verbose reify failed optional dependency /Users/shoheitanahara/dev/shawn-t-art/node_modules/@tybys/wasm-util
118 silly reify mark deleted [
118 silly reify   '/Users/shoheitanahara/dev/shawn-t-art/node_modules/@tybys/wasm-util'
118 silly reify ]
119 verbose reify failed optional dependency /Users/shoheitanahara/dev/shawn-t-art/node_modules/@emnapi/wasi-threads
120 silly reify mark deleted [
120 silly reify   '/Users/shoheitanahara/dev/shawn-t-art/node_modules/@emnapi/wasi-threads'
120 silly reify ]
121 verbose reify failed optional dependency /Users/shoheitanahara/dev/shawn-t-art/node_modules/@unrs/resolver-binding-linux-x64-musl
122 silly reify mark deleted [
122 silly reify   '/Users/shoheitanahara/dev/shawn-t-art/node_modules/@unrs/resolver-binding-linux-x64-musl'
122 silly reify ]
123 verbose reify failed optional dependency /Users/shoheitanahara/dev/shawn-t-art/node_modules/@unrs/resolver-binding-linux-x64-gnu
124 silly reify mark deleted [
124 silly reify   '/Users/shoheitanahara/dev/shawn-t-art/node_modules/@unrs/resolver-binding-linux-x64-gnu'
124 silly reify ]
125 verbose reify failed optional dependency /Users/shoheitanahara/dev/shawn-t-art/node_modules/@unrs/resolver-binding-linux-s390x-gnu
126 silly reify mark deleted [
126 silly reify   '/Users/shoheitanahara/dev/shawn-t-art/node_modules/@unrs/resolver-binding-linux-s390x-gnu'
126 silly reify ]
127 verbose reify failed optional dependency /Users/shoheitanahara/dev/shawn-t-art/node_modules/@unrs/resolver-binding-linux-riscv64-musl
128 silly reify mark deleted [
128 silly reify   '/Users/shoheitanahara/dev/shawn-t-art/node_modules/@unrs/resolver-binding-linux-riscv64-musl'
128 silly reify ]
129 verbose reify failed optional dependency /Users/shoheitanahara/dev/shawn-t-art/node_modules/@unrs/resolver-binding-linux-riscv64-gnu
130 silly reify mark deleted [
130 silly reify   '/Users/shoheitanahara/dev/shawn-t-art/node_modules/@unrs/resolver-binding-linux-riscv64-gnu'
130 silly reify ]
131 verbose reify failed optional dependency /Users/shoheitanahara/dev/shawn-t-art/node_modules/@unrs/resolver-binding-linux-ppc64-gnu
132 silly reify mark deleted [
132 silly reify   '/Users/shoheitanahara/dev/shawn-t-art/node_modules/@unrs/resolver-binding-linux-ppc64-gnu'
132 silly reify ]
133 verbose reify failed optional dependency /Users/shoheitanahara/dev/shawn-t-art/node_modules/@unrs/resolver-binding-linux-arm64-musl
134 silly reify mark deleted [
134 silly reify   '/Users/shoheitanahara/dev/shawn-t-art/node_modules/@unrs/resolver-binding-linux-arm64-musl'
134 silly reify ]
135 verbose reify failed optional dependency /Users/shoheitanahara/dev/shawn-t-art/node_modules/@unrs/resolver-binding-linux-arm64-gnu
136 silly reify mark deleted [
136 silly reify   '/Users/shoheitanahara/dev/shawn-t-art/node_modules/@unrs/resolver-binding-linux-arm64-gnu'
136 silly reify ]
137 verbose reify failed optional dependency /Users/shoheitanahara/dev/shawn-t-art/node_modules/@unrs/resolver-binding-linux-arm-musleabihf
138 silly reify mark deleted [
138 silly reify   '/Users/shoheitanahara/dev/shawn-t-art/node_modules/@unrs/resolver-binding-linux-arm-musleabihf'
138 silly reify ]
139 verbose reify failed optional dependency /Users/shoheitanahara/dev/shawn-t-art/node_modules/@unrs/resolver-binding-linux-arm-gnueabihf
140 silly reify mark deleted [
140 silly reify   '/Users/shoheitanahara/dev/shawn-t-art/node_modules/@unrs/resolver-binding-linux-arm-gnueabihf'
140 silly reify ]
141 verbose reify failed optional dependency /Users/shoheitanahara/dev/shawn-t-art/node_modules/@unrs/resolver-binding-freebsd-x64
142 silly reify mark deleted [
142 silly reify   '/Users/shoheitanahara/dev/shawn-t-art/node_modules/@unrs/resolver-binding-freebsd-x64'
142 silly reify ]
143 verbose reify failed optional dependency /Users/shoheitanahara/dev/shawn-t-art/node_modules/@unrs/resolver-binding-darwin-x64
144 silly reify mark deleted [
144 silly reify   '/Users/shoheitanahara/dev/shawn-t-art/node_modules/@unrs/resolver-binding-darwin-x64'
144 silly reify ]
145 verbose reify failed optional dependency /Users/shoheitanahara/dev/shawn-t-art/node_modules/@unrs/resolver-binding-android-arm64
146 silly reify mark deleted [
146 silly reify   '/Users/shoheitanahara/dev/shawn-t-art/node_modules/@unrs/resolver-binding-android-arm64'
146 silly reify ]
147 verbose reify failed optional dependency /Users/shoheitanahara/dev/shawn-t-art/node_modules/@unrs/resolver-binding-android-arm-eabi
148 silly reify mark deleted [
148 silly reify   '/Users/shoheitanahara/dev/shawn-t-art/node_modules/@unrs/resolver-binding-android-arm-eabi'
148 silly reify ]
149 verbose reify failed optional dependency /Users/shoheitanahara/dev/shawn-t-art/node_modules/@next/swc-win32-x64-msvc
150 silly reify mark deleted [
150 silly reify   '/Users/shoheitanahara/dev/shawn-t-art/node_modules/@next/swc-win32-x64-msvc'
150 silly reify ]
151 verbose reify failed optional dependency /Users/shoheitanahara/dev/shawn-t-art/node_modules/@next/swc-win32-arm64-msvc
152 silly reify mark deleted [
152 silly reify   '/Users/shoheitanahara/dev/shawn-t-art/node_modules/@next/swc-win32-arm64-msvc'
152 silly reify ]
153 verbose reify failed optional dependency /Users/shoheitanahara/dev/shawn-t-art/node_modules/@next/swc-linux-x64-musl
154 silly reify mark deleted [
154 silly reify   '/Users/shoheitanahara/dev/shawn-t-art/node_modules/@next/swc-linux-x64-musl'
154 silly reify ]
155 verbose reify failed optional dependency /Users/shoheitanahara/dev/shawn-t-art/node_modules/@next/swc-linux-x64-gnu
156 silly reify mark deleted [
156 silly reify   '/Users/shoheitanahara/dev/shawn-t-art/node_modules/@next/swc-linux-x64-gnu'
156 silly reify ]
157 verbose reify failed optional dependency /Users/shoheitanahara/dev/shawn-t-art/node_modules/@next/swc-linux-arm64-musl
158 silly reify mark deleted [
158 silly reify   '/Users/shoheitanahara/dev/shawn-t-art/node_modules/@next/swc-linux-arm64-musl'
158 silly reify ]
159 verbose reify failed optional dependency /Users/shoheitanahara/dev/shawn-t-art/node_modules/@next/swc-linux-arm64-gnu
160 silly reify mark deleted [
160 silly reify   '/Users/shoheitanahara/dev/shawn-t-art/node_modules/@next/swc-linux-arm64-gnu'
160 silly reify ]
161 verbose reify failed optional dependency /Users/shoheitanahara/dev/shawn-t-art/node_modules/@next/swc-darwin-x64
162 silly reify mark deleted [
162 silly reify   '/Users/shoheitanahara/dev/shawn-t-art/node_modules/@next/swc-darwin-x64'
162 silly reify ]
163 verbose reify failed optional dependency /Users/shoheitanahara/dev/shawn-t-art/node_modules/@img/sharp-win32-x64
164 silly reify mark deleted [
164 silly reify   '/Users/shoheitanahara/dev/shawn-t-art/node_modules/@img/sharp-win32-x64'
164 silly reify ]
165 verbose reify failed optional dependency /Users/shoheitanahara/dev/shawn-t-art/node_modules/@img/sharp-win32-ia32
166 silly reify mark deleted [
166 silly reify   '/Users/shoheitanahara/dev/shawn-t-art/node_modules/@img/sharp-win32-ia32'
166 silly reify ]
167 verbose reify failed optional dependency /Users/shoheitanahara/dev/shawn-t-art/node_modules/@img/sharp-win32-arm64
168 silly reify mark deleted [
168 silly reify   '/Users/shoheitanahara/dev/shawn-t-art/node_modules/@img/sharp-win32-arm64'
168 silly reify ]
169 verbose reify failed optional dependency /Users/shoheitanahara/dev/shawn-t-art/node_modules/@img/sharp-wasm32
170 silly reify mark deleted [
170 silly reify   '/Users/shoheitanahara/dev/shawn-t-art/node_modules/@img/sharp-wasm32'
170 silly reify ]
171 verbose reify failed optional dependency /Users/shoheitanahara/dev/shawn-t-art/node_modules/@img/sharp-linuxmusl-x64
172 silly reify mark deleted [
172 silly reify   '/Users/shoheitanahara/dev/shawn-t-art/node_modules/@img/sharp-linuxmusl-x64'
172 silly reify ]
173 verbose reify failed optional dependency /Users/shoheitanahara/dev/shawn-t-art/node_modules/@img/sharp-linuxmusl-arm64
174 silly reify mark deleted [
174 silly reify   '/Users/shoheitanahara/dev/shawn-t-art/node_modules/@img/sharp-linuxmusl-arm64'
174 silly reify ]
175 verbose reify failed optional dependency /Users/shoheitanahara/dev/shawn-t-art/node_modules/@img/sharp-linux-x64
176 silly reify mark deleted [
176 silly reify   '/Users/shoheitanahara/dev/shawn-t-art/node_modules/@img/sharp-linux-x64'
176 silly reify ]
177 verbose reify failed optional dependency /Users/shoheitanahara/dev/shawn-t-art/node_modules/@img/sharp-linux-s390x
178 silly reify mark deleted [
178 silly reify   '/Users/shoheitanahara/dev/shawn-t-art/node_modules/@img/sharp-linux-s390x'
178 silly reify ]
179 verbose reify failed optional dependency /Users/shoheitanahara/dev/shawn-t-art/node_modules/@img/sharp-linux-ppc64
180 silly reify mark deleted [
180 silly reify   '/Users/shoheitanahara/dev/shawn-t-art/node_modules/@img/sharp-linux-ppc64'
180 silly reify ]
181 verbose reify failed optional dependency /Users/shoheitanahara/dev/shawn-t-art/node_modules/@img/sharp-linux-arm64
182 silly reify mark deleted [
182 silly reify   '/Users/shoheitanahara/dev/shawn-t-art/node_modules/@img/sharp-linux-arm64'
182 silly reify ]
183 verbose reify failed optional dependency /Users/shoheitanahara/dev/shawn-t-art/node_modules/@img/sharp-linux-arm
184 silly reify mark deleted [
184 silly reify   '/Users/shoheitanahara/dev/shawn-t-art/node_modules/@img/sharp-linux-arm'
184 silly reify ]
185 verbose reify failed optional dependency /Users/shoheitanahara/dev/shawn-t-art/node_modules/@img/sharp-libvips-linuxmusl-x64
186 silly reify mark deleted [
186 silly reify   '/Users/shoheitanahara/dev/shawn-t-art/node_modules/@img/sharp-libvips-linuxmusl-x64'
186 silly reify ]
187 verbose reify failed optional dependency /Users/shoheitanahara/dev/shawn-t-art/node_modules/@img/sharp-libvips-linuxmusl-arm64
188 silly reify mark deleted [
188 silly reify   '/Users/shoheitanahara/dev/shawn-t-art/node_modules/@img/sharp-libvips-linuxmusl-arm64'
188 silly reify ]
189 verbose reify failed optional dependency /Users/shoheitanahara/dev/shawn-t-art/node_modules/@img/sharp-libvips-linux-x64
190 silly reify mark deleted [
190 silly reify   '/Users/shoheitanahara/dev/shawn-t-art/node_modules/@img/sharp-libvips-linux-x64'
190 silly reify ]
191 verbose reify failed optional dependency /Users/shoheitanahara/dev/shawn-t-art/node_modules/@img/sharp-libvips-linux-s390x
192 silly reify mark deleted [
192 silly reify   '/Users/shoheitanahara/dev/shawn-t-art/node_modules/@img/sharp-libvips-linux-s390x'
192 silly reify ]
193 verbose reify failed optional dependency /Users/shoheitanahara/dev/shawn-t-art/node_modules/@img/sharp-libvips-linux-ppc64
194 silly reify mark deleted [
194 silly reify   '/Users/shoheitanahara/dev/shawn-t-art/node_modules/@img/sharp-libvips-linux-ppc64'
194 silly reify ]
195 verbose reify failed optional dependency /Users/shoheitanahara/dev/shawn-t-art/node_modules/@img/sharp-libvips-linux-arm64
196 silly reify mark deleted [
196 silly reify   '/Users/shoheitanahara/dev/shawn-t-art/node_modules/@img/sharp-libvips-linux-arm64'
196 silly reify ]
197 verbose reify failed optional dependency /Users/shoheitanahara/dev/shawn-t-art/node_modules/@img/sharp-libvips-linux-arm
198 silly reify mark deleted [
198 silly reify   '/Users/shoheitanahara/dev/shawn-t-art/node_modules/@img/sharp-libvips-linux-arm'
198 silly reify ]
199 verbose reify failed optional dependency /Users/shoheitanahara/dev/shawn-t-art/node_modules/@img/sharp-libvips-darwin-x64
200 silly reify mark deleted [
200 silly reify   '/Users/shoheitanahara/dev/shawn-t-art/node_modules/@img/sharp-libvips-darwin-x64'
200 silly reify ]
201 verbose reify failed optional dependency /Users/shoheitanahara/dev/shawn-t-art/node_modules/@img/sharp-darwin-x64
202 silly reify mark deleted [
202 silly reify   '/Users/shoheitanahara/dev/shawn-t-art/node_modules/@img/sharp-darwin-x64'
202 silly reify ]
203 silly tarball no local data for @noble/ciphers@https://registry.npmjs.org/@noble/ciphers/-/ciphers-1.3.0.tgz. Extracting by manifest.
204 silly tarball no local data for @scure/base@https://registry.npmjs.org/@scure/base/-/base-1.2.6.tgz. Extracting by manifest.
205 silly tarball no local data for ox@https://registry.npmjs.org/ox/-/ox-0.11.3.tgz. Extracting by manifest.
206 silly tarball no local data for isows@https://registry.npmjs.org/isows/-/isows-1.0.7.tgz. Extracting by manifest.
207 silly tarball no local data for eventemitter3@https://registry.npmjs.org/eventemitter3/-/eventemitter3-5.0.1.tgz. Extracting by manifest.
208 silly tarball no local data for abitype@https://registry.npmjs.org/abitype/-/abitype-1.2.3.tgz. Extracting by manifest.
209 silly tarball no local data for @scure/bip39@https://registry.npmjs.org/@scure/bip39/-/bip39-1.6.0.tgz. Extracting by manifest.
210 silly tarball no local data for @scure/bip32@https://registry.npmjs.org/@scure/bip32/-/bip32-1.7.0.tgz. Extracting by manifest.
211 silly tarball no local data for @noble/hashes@https://registry.npmjs.org/@noble/hashes/-/hashes-1.8.0.tgz. Extracting by manifest.
212 silly tarball no local data for ws@https://registry.npmjs.org/ws/-/ws-8.18.3.tgz. Extracting by manifest.
213 silly tarball no local data for @noble/curves@https://registry.npmjs.org/@noble/curves/-/curves-1.9.1.tgz. Extracting by manifest.
214 silly tarball no local data for viem@https://registry.npmjs.org/viem/-/viem-2.44.4.tgz. Extracting by manifest.
215 silly tarball no local data for @napi-rs/wasm-runtime@https://registry.npmjs.org/@napi-rs/wasm-runtime/-/wasm-runtime-0.2.12.tgz. Extracting by manifest.
216 silly tarball no local data for @emnapi/wasi-threads@https://registry.npmjs.org/@emnapi/wasi-threads/-/wasi-threads-1.1.0.tgz. Extracting by manifest.
217 silly tarball no local data for @tybys/wasm-util@https://registry.npmjs.org/@tybys/wasm-util/-/wasm-util-0.10.1.tgz. Extracting by manifest.
218 silly tarball no local data for @adraffy/ens-normalize@https://registry.npmjs.org/@adraffy/ens-normalize/-/ens-normalize-1.11.1.tgz. Extracting by manifest.
219 silly tarball no local data for @emnapi/core@https://registry.npmjs.org/@emnapi/core/-/core-1.5.0.tgz. Extracting by manifest.
220 http fetch GET 200 https://registry.npmjs.org/eventemitter3/-/eventemitter3-5.0.1.tgz 54ms (cache miss)
221 http fetch GET 200 https://registry.npmjs.org/isows/-/isows-1.0.7.tgz 57ms (cache miss)
222 http fetch GET 200 https://registry.npmjs.org/ws/-/ws-8.18.3.tgz 85ms (cache miss)
223 http fetch GET 200 https://registry.npmjs.org/@noble/ciphers/-/ciphers-1.3.0.tgz 93ms (cache miss)
224 http fetch GET 200 https://registry.npmjs.org/@scure/base/-/base-1.2.6.tgz 97ms (cache miss)
225 http fetch GET 200 https://registry.npmjs.org/@adraffy/ens-normalize/-/ens-normalize-1.11.1.tgz 107ms (cache miss)
226 http fetch GET 200 https://registry.npmjs.org/@tybys/wasm-util/-/wasm-util-0.10.1.tgz 109ms (cache miss)
227 http fetch GET 200 https://registry.npmjs.org/@emnapi/wasi-threads/-/wasi-threads-1.1.0.tgz 114ms (cache miss)
228 http fetch POST 200 https://registry.npmjs.org/-/npm/v1/security/advisories/bulk 145ms
229 silly audit report {
229 silly audit report   diff: [
229 silly audit report     {
229 silly audit report       id: 1112148,
229 silly audit report       url: 'https://github.com/advisories/GHSA-73rr-hh4g-fpgx',
229 silly audit report       title: 'jsdiff has a Denial of Service vulnerability in parsePatch and applyPatch',
229 silly audit report       severity: 'low',
229 silly audit report       vulnerable_versions: '<8.0.3',
229 silly audit report       cwe: [Array],
229 silly audit report       cvss: [Object]
229 silly audit report     }
229 silly audit report   ]
229 silly audit report }
230 silly packumentCache corgi:https://registry.npmjs.org/diff cache-miss
231 http fetch GET 200 https://registry.npmjs.org/@scure/bip39/-/bip39-1.6.0.tgz 139ms (cache miss)
232 http fetch GET 200 https://registry.npmjs.org/@scure/bip32/-/bip32-1.7.0.tgz 141ms (cache miss)
233 http fetch GET 200 https://registry.npmjs.org/abitype/-/abitype-1.2.3.tgz 152ms (cache miss)
234 http fetch GET 200 https://registry.npmjs.org/diff 44ms (cache miss)
235 silly packumentCache corgi:https://registry.npmjs.org/diff set size:undefined disposed:false
236 silly packumentCache corgi:https://registry.npmjs.org/ts-node cache-miss
237 http fetch GET 200 https://registry.npmjs.org/@noble/hashes/-/hashes-1.8.0.tgz 188ms (cache miss)
238 http fetch GET 200 https://registry.npmjs.org/@noble/curves/-/curves-1.9.1.tgz 192ms (cache miss)
239 http fetch GET 200 https://registry.npmjs.org/ts-node 40ms (cache miss)
240 silly packumentCache corgi:https://registry.npmjs.org/ts-node set size:undefined disposed:false
241 http fetch GET 200 https://registry.npmjs.org/@napi-rs/wasm-runtime/-/wasm-runtime-0.2.12.tgz 282ms (cache miss)
242 http fetch GET 200 https://registry.npmjs.org/ox/-/ox-0.11.3.tgz 313ms (cache miss)
243 http fetch GET 200 https://registry.npmjs.org/@emnapi/core/-/core-1.5.0.tgz 469ms (cache miss)
244 http fetch GET 200 https://registry.npmjs.org/viem/-/viem-2.44.4.tgz 1100ms (cache miss)
245 silly ADD node_modules/eventemitter3
246 silly ADD node_modules/@noble/ciphers
247 silly ADD node_modules/@adraffy/ens-normalize
248 silly ADD node_modules/@scure/base
249 silly ADD node_modules/ox
250 silly ADD node_modules/ws
251 silly ADD node_modules/isows
252 silly ADD node_modules/abitype
253 silly ADD node_modules/@scure/bip39
254 silly ADD node_modules/@scure/bip32
255 silly ADD node_modules/@noble/hashes
256 silly ADD node_modules/@noble/curves
257 silly ADD node_modules/viem
258 silly ADD
259 silly ADD
260 silly ADD
261 silly ADD
262 silly ADD
263 silly ADD
264 silly ADD
265 silly ADD
266 silly ADD
267 silly ADD
268 silly ADD
269 silly ADD
270 silly ADD
271 silly ADD
272 silly ADD
273 silly ADD
274 silly ADD
275 silly ADD
276 silly ADD
277 silly ADD
278 silly ADD
279 silly ADD
280 silly ADD
281 silly ADD
282 silly ADD
283 silly ADD
284 silly ADD
285 silly ADD
286 silly ADD
287 silly ADD
288 silly ADD
289 silly ADD
290 silly ADD
291 silly ADD
292 silly ADD
293 silly ADD
294 silly ADD
295 silly ADD
296 silly ADD
297 silly ADD
298 silly ADD
299 silly ADD
300 silly ADD
301 silly ADD
302 silly ADD
303 silly ADD
304 silly ADD
305 silly ADD
306 silly ADD
307 verbose cwd /Users/shoheitanahara/dev/shawn-t-art
308 verbose os Darwin 25.2.0
309 verbose node v22.5.1
310 verbose npm  v10.8.2
311 verbose exit 0
312 info ok
